
  ==> REAL arrays in 4-byte words <==
  nr array name            array size

   1 VOLUME                        40
   2 AREA                          84
   3 FLOW                          84
   4 LENG                           3
   5 DISP                           3
   6 CONC                         520
   7 MASS                         533
   8 DERIV                        520
   9 BOUND                         13
  10 BSET                          13
  11 BSAVE                         13
  12 WASTE                        675
  13 CONS                          34
  14 PARAM                         40
  15 FUNC                           0
  16 SFUNC                          0
  17 DISPNW                         0
  18 DISPER                         0
  19 VELONW                         0
  20 VELO                           0
  21 HARMAT                         0
  22 FARR                           0
  23 MASS2                         65
  24 TIMER                         86
  25 VOL2                          41
  26                                0
  27                                0
  28                                0
  29                                0
  30                                0
  31                                0
  32 ASMASS                      3120
  33 LOCAL                        880
  34 DEFAUL                       186
  35 FLUX                        1560
  36 STOCHI                       507
  37 FLXDMP                      1560
  38 FLXINT                      1560
  39 RIOBUF                      1200
  40 DISPX                          0
  41 VELX                           0
  42 VLOCX                          0
  43 DSTO                           0
  44 VSTO                           0
  45 DMPQ                        2184
  46 DMPS                        1560
  47 TRRAAI                         0
  48 INWRSP                        44
  49 VOLUML                        40
  50                                0
  51                                0
  52                                0
  53                                0
  54                                0
  55                                0
  56                                0
  57                                0
  58                                0
  59                                0
  60                                0
  61                                0
  62                                0
  63                                0
  64                                0
  65                                0
  66                                0
  67                                0
  68                                0
  69                                0
  70                                0
  71                                0
  72                                0
  73                                0
  74                                0
  75                                0
  76                                0
  77                                0
  78 WSTDMP                      1170
  79 surface                       40
  80 wdrawal                       40
  81 mixlen                        84
  82 gm_rhs                       328
  83 gm_sol                       328
  84 gm_work                    14760
  85 gm_hess                    13776
  86 gm_amat                      688
  87 gm_diag                      328
  88 gm_diac                      328
  89 gm_trid                       48
  90 flowtot                      336
  91 disptot                      336

     Total (4 byte words)       49758

  ==> INTEGER arrays 4-byte words <==
  nr array name            array size

   1 ARRPOI                       178
   2 ARRTYP                       178
   3 ARRBYT                       178
   4 ARRLEN                       178
   5 ARRKND                       178
   6 ARRDM1                       178
   7 ARRDM2                       178
   8 ARRDM3                       178
   9 IXPOIN                       336
  10 IIDUMP                         0
  11 IBPNT                          4
  12 IWAST                         45
  13 IDPNEW                        13
  14 IDPNT                         13
  15 IVPNEW                        13
  16 IVPNT                         13
  17 IHARM                          0
  18 NRHARM                        11
  19 NRFTOT                        11
  20 IPOINT                         0
  21 IP                             8
  22 LGRID                          0
  23 NSVAR                         17
  24 IFLUX                         17
  25 IPMSA                        319
  26 IPSSA                        319
  27 IMODU                         17
  28 IOUTPS                        63
  29 IOPOIN                       155
  30 IKNMRK                        40
  31 IKTIM                          0
  32 IQDMP                         84
  33 ISDMP                         40
  34 IPDMP                        282
  35 IORAAI                         0
  36 NQRAAI                         0
  37 IQRAAI                         0
  38 INWISP                        78
  39 INTYPE                        46
  40 IWORK                        675
  41 ITRACE                        41
  42 IMATRX                        86
  43 IWRK                          41
  44 ISYSN                         72
  45 ISYSI                         21
  46                                0
  47                                0
  48                                0
  49                                0
  50                                0
  51                                0
  52 PROGRD                        17
  53 PRONDT                        17
  54 PRVVAR                       319
  55 PRVTYP                       319
  56 VARARR                       326
  57 VARIDX                       326
  58 VARTDA                       326
  59 VARDAG                       326
  60 VARTAG                       326
  61 VARAGG                       326
  62 VGRSET                       326
  63 GRDNOS                         1
  64 GRDREF                         1
  65 GRDSEG                        40
  66 OWNERS                        40
  67 OWNERQ                        84
  68 PROREF                        85
  69 PROPNT                        17
  70 PRODON                        17
  71 DMPBAL                        40
  72 iknmkv                        40
  73 iwstkind                      45
  74 rowpnt                        42
  75 fmat                          84
  76 tmat                          84
  77 iexseg                       164
  78 isegcol                       40

     Total (4 byte words)        8082

  => CHARACTER arrays 4-byte words <=
  nr array name            array size

   1                                0
   2 MNAME                         40
   3 SNAME                         65
   4 DNAME                          0
   5 BNDID                          5
   6 BNAME                         10
   7 BNTYP                          5
   8 WASTID                       225
   9 WNAME                        450
  10 WTYPE                         20
  11 CONAM                        170
  12 PANAM                          5
  13 FUNAM                          0
  14 SFNAM                          0
  15 CGRID                          0
  16 PRNAM                         85
  17 OUNAM                        775
  18 DINAM                          0
  19 VENAM                          0
  20 DANAM                        200
  21 RANAM                          0
  22 CBUFF                        145
  23 LUNT                           0
  24 OUSNM                       3875
  25 OUUNI                       1550
  26 OUDSC                       2325
  27 OSSNM                        325
  28 OSUNI                        130
  29 OSDSC                        195

     Total (4 byte words)       10600
