 nr.     times     cpu time      cpu    wall clock      wc  level                     routine name
        called    in seconds      %     in seconds       %    2    3    4    5    6
    1          1  0.214402D+04  100.00  0.162782D+04  100.00                          delwaq2                                 
    2          2  0.000000D+00    0.00  0.000000D+00         0.00                     getcom                                  
    3          1  0.000000D+00    0.00  0.699997D-02         0.00                     unlock                                  
    4          1  0.468003D-01    0.00  0.324500D+01         0.20                     dlwqi0                                  
    5          2  0.000000D+00    0.00  0.000000D+00              0.00                getcom                                  
    6          1  0.000000D+00    0.00  0.000000D+00              0.00                dlwqi2                                  
    7          1  0.000000D+00    0.00  0.000000D+00              0.00                dlwqip                                  
    8          1  0.000000D+00    0.00  0.000000D+00              0.00                dlwqiv                                  
    9          1  0.312002D-01    0.00  0.206400D+01              0.13                dlwqio                                  
   10          1  0.000000D+00    0.00  0.000000D+00              0.00                partit                                  
   11          1  0.000000D+00    0.00  0.000000D+00              0.00                ixsets                                  
   12          1  0.000000D+00    0.00  0.000000D+00              0.00                chknmr                                  
   13          1  0.000000D+00    0.00  0.748000D+00              0.05                dlwqt0                                  
   14          9  0.000000D+00    0.00  0.636000D+00                   0.04           dlwqt1                                  
   15          3  0.000000D+00    0.00  0.000000D+00                        0.00      dlwqt2                                  
   16          2  0.000000D+00    0.00  0.000000D+00                        0.00      dlwqib                                  
   17          2  0.000000D+00    0.00  0.000000D+00                        0.00      dlwqtb                                  
   18          1  0.000000D+00    0.00  0.111000D+00                   0.01           dlwqta                                  
   19          3  0.000000D+00    0.00  0.000000D+00                        0.00      dlwqdataevaluate                        
   20          1  0.000000D+00    0.00  0.000000D+00                   0.00           dlwqtk                                  
   21          1  0.000000D+00    0.00  0.000000D+00              0.00                delpar00                                
   22          3  0.000000D+00    0.00  0.000000D+00              0.00                zoek                                    
   23          1  0.000000D+00    0.00  0.100017D-02         0.00                     dlwqf5                                  
   24          5  0.000000D+00    0.00  0.000000D+00              0.00                zoek                                    
   25          1  0.214397D+04  100.00  0.162425D+04        99.78                     dlwqnf                                  
   26     131041  0.389862D+00    0.02  0.194001D+00              0.01                hsurf                                   
   27          1  0.000000D+00    0.00  0.000000D+00                   0.00           zoek                                    
   28     131041  0.227764D+01    0.11  0.141000D+01              0.09                dryfld                                  
   29     393123  0.126367D+01    0.06  0.751002D+00                   0.05           zoek                                    
   30     131041  0.296600D+00    0.01  0.261001D+00              0.02                dlwq_mt3d                               
   31          1  0.000000D+00    0.00  0.000000D+00                   0.00           getcom                                  
   32     131041  0.280823D+00    0.01  0.160001D+00              0.01                zoek                                    
   33     131041  0.655071D+00    0.03  0.359998D+00              0.02                setset                                  
   34     131041  0.101740D+04   47.45  0.779213D+03             47.87                proces                                  
   35          1  0.000000D+00    0.00  0.000000D+00                   0.00           getcom                                  
   36     131041  0.999386D+03   46.61  0.769144D+03                  47.25           onepro                                  
   37     131041  0.160370D+02    0.75  0.886199D+01                   0.54           twopro                                  
   38    1572492  0.569359D+01    0.27  0.347599D+01                        0.21      prodr2                                  
   39    1572492  0.528773D+01    0.25  0.298800D+01                        0.18      profld                                  
   40          1  0.000000D+00    0.00  0.000000D+00              0.00                getcom                                  
   41     131041  0.281067D+00    0.01  0.180000D+00              0.01                dlwq_boundio                            
   42          2  0.000000D+00    0.00  0.000000D+00                   0.00           getcom                                  
   43     131041  0.327576D+00    0.02  0.267001D+00              0.02                dlwq17                                  
   44     131041  0.132802D+03    6.19  0.716840D+02              4.40                dlwqo2                                  
   45    1572492  0.296476D+01    0.14  0.206400D+01                   0.13           stepyn                                  
   46       4369  0.155823D+00    0.01  0.790000D-01                   0.00           baldmp                                  
   47      30585  0.778809D-01    0.00  0.629997D-01                   0.00           actloc                                  
   48      13108  0.171814D+00    0.01  0.105001D+00                   0.01           fiosub                                  
   49       4369  0.565824D+02    2.64  0.268320D+02                   1.65           outmo3                                  
   50      69904  0.522608D+02    2.44  0.239010D+02                        1.47      outmo2                                  
   51      13108  0.781250D-01    0.00  0.349998D-01                   0.00           fioutv                                  
   52       4369  0.120421D+02    0.56  0.965400D+01                   0.59           outhis                                  
   53       4369  0.290158D+01    0.14  0.109000D+01                   0.07           outmap                                  
   54       4369  0.000000D+00    0.00  0.169997D-01                   0.00           values                                  
   55       8738  0.000000D+00    0.00  0.899982D-02                        0.00      zoek                                    
   56       4369  0.396998D+02    1.85  0.203040D+02                   1.25           sobbal                                  
   57          1  0.000000D+00    0.00  0.000000D+00                        0.00      getcom                                  
   58          1  0.000000D+00    0.00  0.000000D+00                        0.00      consum                                  
   59         26  0.000000D+00    0.00  0.000000D+00                             0.00 zoek                                    
   60       4369  0.321192D+02    1.50  0.151970D+02                        0.93      outhis                                  
   61    1450216  0.377396D+01    0.18  0.139901D+01                        0.09      updbal                                  
   82          3  0.499268D+00    0.02  0.498000D+00                        0.03      outbai                                  
   83          1  0.000000D+00    0.00  0.000000D+00                        0.00      dmpsurf                                 
   84          1  0.000000D+00    0.00  0.000000D+00                        0.00      dmpval                                  
   62       4369  0.840907D+01    0.39  0.428800D+01                   0.26           outhnf                                  
   63       4369  0.741053D+01    0.35  0.597400D+01                   0.37           outmnf                                  
   64       4369  0.936279D-01    0.00  0.170002D-01              0.00                zercum                                  
   65     131040  0.608521D+00    0.03  0.401000D+00              0.02                dlwq18                                  
   66     131040  0.935730D+00    0.04  0.565998D+00              0.03                dlwq14                                  
   67     131040  0.358582D+00    0.02  0.187999D+00              0.01                dlwq41                                  
   68     131040  0.166830D+01    0.08  0.822999D+00              0.05                dryfle                                  
   69     262080  0.639740D+00    0.03  0.362000D+00                   0.02           zoek                                    
   70     131040  0.873718D+00    0.04  0.463001D+00              0.03                dlwqf1                                  
   71     131040  0.435167D+01    0.20  0.338900D+01              0.21                dlwq15                                  
   72     131040  0.159090D+01    0.07  0.192400D+01                   0.12           wascal                                  
   73     131040  0.717407D+00    0.03  0.356000D+00              0.02                dlwqm7                                  
   74     131040  0.967662D+03   45.13  0.756741D+03             46.49                ADE solver                              
   75     131040  0.115521D+01    0.05  0.607004D+00              0.04                dlwqb4                                  
   76     131040  0.639099D+00    0.03  0.496001D+00              0.03                proint                                  
   77     131040  0.471303D+01    0.22  0.273201D+01              0.17                dlwqt0                                  
   78     262080  0.220042D+01    0.10  0.135700D+01                   0.08           dlwqt1                                  
   79     262080  0.143565D+01    0.07  0.778000D+00                        0.05      dlwqtb                                  
   80     131040  0.202892D+00    0.01  0.208001D+00                   0.01           dlwqta                                  
   81     131040  0.749451D+00    0.03  0.469000D+00                   0.03           dlwqtk                                  
   85          1  0.156250D-01    0.00  0.439999D-01              0.00                dlwq13                                  
