
  ==> REAL arrays in 4-byte words <==
  nr array name            array size

   1 VOLUME                        10
   2 AREA                           9
   3 FLOW                           9
   4 LENG                          18
   5 DISP                           3
   6 CONC                         150
   7 MASS                         150
   8 DERIV                        150
   9 BOUND                          0
  10 BSET                           0
  11 BSAVE                          0
  12 WASTE                          0
  13 CONS                          75
  14 PARAM                         20
  15 FUNC                           0
  16 SFUNC                         10
  17 DISPNW                         9
  18 DISPER                         0
  19 VELONW                         0
  20 VELO                           0
  21 HARMAT                         0
  22 FARR                          56
  23 MASS2                         75
  24 TIMER                         20
  25 VOL2                          10
  26                                0
  27                                0
  28                                0
  29                                0
  30                                0
  31                                0
  32 ASMASS                       900
  33 LOCAL                        520
  34 DEFAUL                       314
  35 FLUX                         780
  36 STOCHI                      1170
  37 FLXDMP                       780
  38 FLXINT                       780
  39 RIOBUF                       560
  40 DISPX                          9
  41 VELX                           0
  42 VLOCX                          0
  43 DSTO                          13
  44 VSTO                           0
  45 DMPQ                         234
  46 DMPS                         450
  47 TRRAAI                         0
  48 INWRSP                         0
  49 VOLUML                        10
  50                                0
  51                                0
  52                                0
  53                                0
  54                                0
  55                                0
  56                                0
  57                                0
  58                                0
  59                                0
  60                                0
  61                                0
  62                                0
  63                                0
  64                                0
  65                                0
  66                                0
  67                                0
  68                                0
  69                                0
  70                                0
  71                                0
  72                                0
  73                                0
  74                                0
  75                                0
  76                                0
  77                                0
  78 WSTDMP                         0
  79 surface                       10
  80 wdrawal                       10
  81 mixlen                         9
  82 gm_rhs                        20
  83 gm_sol                        20
  84 gm_work                      280
  85 gm_hess                      220
  86 gm_amat                       40
  87 gm_diag                       20
  88 gm_diac                       20
  89 gm_trid                      120
  90 flowtot                        9
  91 disptot                        9

     Total (4 byte words)        8081

  ==> INTEGER arrays 4-byte words <==
  nr array name            array size

   1 ARRPOI                       178
   2 ARRTYP                       178
   3 ARRBYT                       178
   4 ARRLEN                       178
   5 ARRKND                       178
   6 ARRDM1                       178
   7 ARRDM2                       178
   8 ARRDM3                       178
   9 IXPOIN                        36
  10 IIDUMP                         0
  11 IBPNT                          0
  12 IWAST                          0
  13 IDPNEW                        13
  14 IDPNT                         13
  15 IVPNEW                        13
  16 IVPNT                         13
  17 IHARM                          0
  18 NRHARM                        11
  19 NRFTOT                        11
  20 IPOINT                        37
  21 IP                             8
  22 LGRID                          0
  23 NSVAR                         28
  24 IFLUX                         28
  25 IPMSA                        639
  26 IPSSA                        639
  27 IMODU                         28
  28 IOUTPS                        63
  29 IOPOIN                       283
  30 IKNMRK                        10
  31 IKTIM                          0
  32 IQDMP                          9
  33 ISDMP                         10
  34 IPDMP                         48
  35 IORAAI                         0
  36 NQRAAI                         0
  37 IQRAAI                         0
  38 INWISP                         0
  39 INTYPE                         0
  40 IWORK                          0
  41 ITRACE                        10
  42 IMATRX                        20
  43 IWRK                          10
  44 ISYSN                         72
  45 ISYSI                         21
  46                                0
  47                                0
  48                                0
  49                                0
  50                                0
  51                                0
  52 PROGRD                        28
  53 PRONDT                        28
  54 PRVVAR                       639
  55 PRVTYP                       639
  56 VARARR                       573
  57 VARIDX                       573
  58 VARTDA                       573
  59 VARDAG                       573
  60 VARTAG                       573
  61 VARAGG                       573
  62 VGRSET                       573
  63 GRDNOS                         1
  64 GRDREF                         1
  65 GRDSEG                        10
  66 OWNERS                        10
  67 OWNERQ                         9
  68 PROREF                       616
  69 PROPNT                        28
  70 PRODON                        28
  71 DMPBAL                        10
  72 iknmkv                        10
  73 iwstkind                       0
  74 rowpnt                        11
  75 fmat                           9
  76 tmat                           9
  77 iexseg                        10
  78 isegcol                       10

     Total (4 byte words)        9614

  => CHARACTER arrays 4-byte words <=
  nr array name            array size

   1                                0
   2 MNAME                         40
   3 SNAME                         75
   4 DNAME                          0
   5 BNDID                          0
   6 BNAME                          0
   7 BNTYP                          0
   8 WASTID                         0
   9 WNAME                          0
  10 WTYPE                          0
  11 CONAM                        375
  12 PANAM                         10
  13 FUNAM                          0
  14 SFNAM                          5
  15 CGRID                          0
  16 PRNAM                        140
  17 OUNAM                       1415
  18 DINAM                          0
  19 VENAM                          0
  20 DANAM                         50
  21 RANAM                          0
  22 CBUFF                        280
  23 LUNT                           0
  24 OUSNM                       7075
  25 OUUNI                       2830
  26 OUDSC                       4245
  27 OSSNM                        375
  28 OSUNI                        150
  29 OSDSC                        225

     Total (4 byte words)       17290
