 nr.     times     cpu time      cpu    wall clock      wc  level                          routine name
        called    in seconds      %     in seconds       %    2    3    4    5    6    7
    1          1  0.760938D+01  100.00  0.211730D+02  100.00                               delwaq2                                 
    2          2  0.000000D+00    0.00  0.000000D+00         0.00                          getcom                                  
    3          1  0.000000D+00    0.00  0.500011D-02         0.02                          unlock                                  
    4          1  0.000000D+00    0.00  0.900006D-02         0.04                          dlwqi0                                  
    5          2  0.000000D+00    0.00  0.000000D+00              0.00                     getcom                                  
    6          1  0.000000D+00    0.00  0.000000D+00              0.00                     dlwqi2                                  
    7          1  0.000000D+00    0.00  0.000000D+00              0.00                     dlwqip                                  
    8          1  0.000000D+00    0.00  0.000000D+00              0.00                     dlwqiv                                  
    9          1  0.000000D+00    0.00  0.999928D-03              0.00                     dlwqio                                  
   10          1  0.000000D+00    0.00  0.000000D+00              0.00                     partit                                  
   11          1  0.000000D+00    0.00  0.000000D+00              0.00                     ixsets                                  
   12          1  0.000000D+00    0.00  0.000000D+00              0.00                     chknmr                                  
   13          1  0.000000D+00    0.00  0.699997D-02              0.03                     dlwqt0                                  
   14          8  0.000000D+00    0.00  0.200009D-02                   0.01                dlwqt1                                  
   15          3  0.000000D+00    0.00  0.000000D+00                        0.00           dlwqt3                                  
   16          3  0.000000D+00    0.00  0.000000D+00                        0.00           dlwqt4                                  
   17          1  0.000000D+00    0.00  0.000000D+00                        0.00           dlwqt2                                  
   18          1  0.000000D+00    0.00  0.499988D-02                   0.02                dlwqta                                  
   19         44  0.000000D+00    0.00  0.000000D+00                        0.00           dlwqdataevaluate                        
   20          1  0.000000D+00    0.00  0.000000D+00                        0.00           dlwqt4                                  
   21          1  0.000000D+00    0.00  0.000000D+00                   0.00                dlwqtk                                  
   22          1  0.000000D+00    0.00  0.000000D+00              0.00                     delpar00                                
   23          4  0.000000D+00    0.00  0.000000D+00              0.00                     zoek                                    
   24          1  0.000000D+00    0.00  0.000000D+00         0.00                          dlwqf5                                  
   25          5  0.000000D+00    0.00  0.000000D+00              0.00                     zoek                                    
   26          1  0.760938D+01  100.00  0.211550D+02        99.91                          dlwqnf                                  
   27       2881  0.000000D+00    0.00  0.300026D-02              0.01                     hsurf                                   
   28          1  0.000000D+00    0.00  0.000000D+00                   0.00                zoek                                    
   29       2881  0.000000D+00    0.00  0.159996D-01              0.08                     dryfld                                  
   30       8643  0.000000D+00    0.00  0.799966D-02                   0.04                zoek                                    
   31       2881  0.156250D-01    0.21  0.200009D-02              0.01                     dlwq_mt3d                               
   32          1  0.000000D+00    0.00  0.000000D+00                   0.00                getcom                                  
   33       2881  0.000000D+00    0.00  0.500035D-02              0.02                     zoek                                    
   34       2881  0.000000D+00    0.00  0.300026D-02              0.01                     setset                                  
   35       2881  0.510938D+01   67.15  0.186490D+02             88.08                     proces                                  
   36          1  0.000000D+00    0.00  0.000000D+00                   0.00                getcom                                  
   37       2881  0.485938D+01   63.86  0.184860D+02                  87.31                onepro                                  
   38       2881  0.000000D+00    0.00  0.149996D-01                        0.07           PHCARB                                  
   39       2881  0.156250D-01    0.21  0.400019D-02                        0.02           DDEPTH                                  
   40       2881  0.000000D+00    0.00  0.299978D-02                        0.01           TOTDEP                                  
   41       2881  0.156250D-01    0.21  0.399971D-02                        0.02           MAXMAC                                  
   42       2881  0.000000D+00    0.00  0.400019D-02                        0.02           COVMAC                                  
   43       2881  0.156250D-01    0.21  0.000000D+00                        0.00           SALCHL                                  
   44       2881  0.000000D+00    0.00  0.299978D-02                        0.01           RESTIM                                  
   45       2881  0.000000D+00    0.00  0.999928D-03                        0.00           STOX3D                                  
   46       2881  0.460938D+01   60.57  0.182110D+02                       86.01           MACDIS                                  
   47       2881  0.156250D-01    0.21  0.219998D-01                        0.10           SIMPH                                   
   48       2881  0.156250D-01    0.21  0.899982D-02                        0.04           SPCARB                                  
   49       2881  0.000000D+00    0.00  0.300002D-02                        0.01           EXTINA                                  
   50       2881  0.156250D-01    0.21  0.499988D-02                        0.02           EXTINC                                  
   51       2881  0.000000D+00    0.00  0.599980D-02                        0.03           CLCRAD                                  
   52       2881  0.000000D+00    0.00  0.299978D-02                        0.01           SATCO2                                  
   53       5762  0.156250D-01    0.21  0.199986D-02                        0.01           REAR                                    
   54       2881  0.000000D+00    0.00  0.399971D-02                        0.02           DENWAT                                  
   55       2881  0.000000D+00    0.00  0.400019D-02                        0.02           NITRIF                                  
   56       2881  0.000000D+00    0.00  0.699973D-02                        0.03           SATOXY                                  
   57       5762  0.156250D-01    0.21  0.130002D-01                        0.06           DECDET                                  
   58       2881  0.000000D+00    0.00  0.999999D-02                        0.05           CSELAC                                  
   59       2881  0.000000D+00    0.00  0.800014D-02                        0.04           NH3FRE                                  
   60       2881  0.000000D+00    0.00  0.499964D-02                        0.02           RADMAC                                  
   61       2881  0.000000D+00    0.00  0.499988D-02                        0.02           MACNUT                                  
   62       2881  0.000000D+00    0.00  0.600004D-02                        0.03           MACROP                                  
   63       2881  0.000000D+00    0.00  0.399995D-02                        0.02           MAC3DU                                  
   64       2881  0.218750D+00    2.87  0.149001D+00                   0.70                twopro                                  
   65      46096  0.625000D-01    0.82  0.419991D-01                        0.20           prodr2                                  
   66      46096  0.781250D-01    1.03  0.490005D-01                        0.23           profld                                  
   67       2881  0.000000D+00    0.00  0.199986D-02                   0.01                provel                                  
   68          1  0.000000D+00    0.00  0.000000D+00              0.00                     getcom                                  
   69       2881  0.000000D+00    0.00  0.100017D-02              0.00                     dlwq_boundio                            
   70          2  0.000000D+00    0.00  0.000000D+00                   0.00                getcom                                  
   71       2881  0.000000D+00    0.00  0.400019D-02              0.02                     dlwq17                                  
   72          1  0.000000D+00    0.00  0.000000D+00                   0.00                getcom                                  
   73       2881  0.296875D+00    3.90  0.282001D+00              1.33                     dlwqo2                                  
   74      34572  0.625000D-01    0.82  0.360014D-01                   0.17                stepyn                                  
   75         49  0.000000D+00    0.00  0.100017D-02                   0.00                baldmp                                  
   76        345  0.000000D+00    0.00  0.000000D+00                   0.00                actloc                                  
   77        148  0.000000D+00    0.00  0.000000D+00                   0.00                fiosub                                  
   78         49  0.781250D-01    1.03  0.114000D+00                   0.54                outmo3                                  
   79        931  0.625000D-01    0.82  0.870001D-01                        0.41           outmo2                                  
   80        148  0.000000D+00    0.00  0.000000D+00                   0.00                fioutv                                  
   81         49  0.000000D+00    0.00  0.999928D-03                   0.00                outhis                                  
   82         49  0.000000D+00    0.00  0.299978D-02                   0.01                outmap                                  
   83         49  0.000000D+00    0.00  0.999928D-03                   0.00                values                                  
   84         98  0.000000D+00    0.00  0.000000D+00                        0.00           zoek                                    
   85         49  0.937500D-01    1.23  0.989997D-01                   0.47                sobbal                                  
   86          1  0.000000D+00    0.00  0.000000D+00                        0.00           getcom                                  
   87          1  0.000000D+00    0.00  0.000000D+00                        0.00           consum                                  
   88         30  0.000000D+00    0.00  0.000000D+00                             0.00      zoek                                    
   89         49  0.156250D-01    0.21  0.399995D-02                        0.02           outhis                                  
   90       1834  0.000000D+00    0.00  0.000000D+00                        0.00           updbal                                  
  135          3  0.781250D-01    1.03  0.849998D-01                        0.40           outbai                                  
  136          1  0.000000D+00    0.00  0.000000D+00                        0.00           dmpsurf                                 
  137          1  0.000000D+00    0.00  0.000000D+00                        0.00           dmpval                                  
   91         49  0.000000D+00    0.00  0.000000D+00              0.00                     zercum                                  
   92       2880  0.000000D+00    0.00  0.699949D-02              0.03                     dlwq18                                  
   93       2880  0.000000D+00    0.00  0.999928D-03              0.00                     dlwq14                                  
   94       2880  0.000000D+00    0.00  0.240002D-01              0.11                     dlwq41                                  
   95       2880  0.000000D+00    0.00  0.210004D-01                   0.10                dlwqt1                                  
   96       2880  0.000000D+00    0.00  0.500011D-02                        0.02           dlwqt3                                  
   97       2880  0.000000D+00    0.00  0.120003D-01                        0.06           dlwqt4                                  
  131          1  0.000000D+00    0.00  0.000000D+00                             0.00      messag                                  
   98       2880  0.156250D-01    0.21  0.139999D-01              0.07                     dryfle                                  
   99       5760  0.000000D+00    0.00  0.899982D-02                   0.04                zoek                                    
  100       2880  0.156250D-01    0.21  0.500011D-02              0.02                     dlwqf1                                  
  101       2880  0.000000D+00    0.00  0.300026D-02              0.01                     dlwq15                                  
  102       2880  0.000000D+00    0.00  0.599980D-02              0.03                     dlwqm7                                  
  103       2880  0.196875D+01   25.87  0.198400D+01              9.37                     ADE solver                              
  104      37440  0.156250D-01    0.21  0.230000D-01                   0.11                dlwqm0                                  
  105      37440  0.000000D+00    0.00  0.280006D-01                   0.13                dlwqf3                                  
  106      37440  0.156250D-01    0.21  0.360000D-01                   0.17                dlwqf4                                  
  107      37440  0.171875D+01   22.59  0.172400D+01                   8.14                sgmres                                  
  108     100800  0.125000D+00    1.64  0.900009D-01                        0.43           matvec                                  
  109     106560  0.437500D+00    5.75  0.429000D+00                        2.03           psolve                                  
  110     106560  0.937500D-01    1.23  0.929999D-01                             0.44      lsolve                                  
  111     106560  0.781250D-01    1.03  0.940018D-01                             0.44      usolve                                  
  112      31680  0.781250D-01    1.03  0.340002D-01                        0.16           basis                                   
  113      31680  0.156250D-01    0.21  0.220010D-01                        0.10           srotg                                   
  114      63360  0.312500D-01    0.41  0.530007D-01                        0.25           srot                                    
  115      31680  0.687500D+00    9.03  0.843001D+00                        3.98           updats                                  
  116      31680  0.437500D+00    5.75  0.526000D+00                             2.48      strsv                                   
  117     316800  0.265625D+00    3.49  0.285000D+00                                  1.35 lsame                                   
  118      31680  0.218750D+00    2.87  0.258001D+00                             1.22      sgemv                                   
  119     158400  0.140625D+00    1.85  0.113001D+00                                  0.53 lsame                                   
  120      37440  0.312500D-01    0.41  0.359995D-01                   0.17                dlwqf7                                  
  121       2880  0.000000D+00    0.00  0.399995D-02              0.02                     dlwqb4                                  
  122       2880  0.000000D+00    0.00  0.200033D-02              0.01                     proint                                  
  123       2880  0.625000D-01    0.82  0.680003D-01              0.32                     dlwqt0                                  
  124       5760  0.156250D-01    0.21  0.259991D-01                   0.12                dlwqt1                                  
  125       5760  0.000000D+00    0.00  0.699973D-02                        0.03           dlwqt3                                  
  126       5760  0.000000D+00    0.00  0.499964D-02                        0.02           dlwqt4                                  
  133          2  0.000000D+00    0.00  0.000000D+00                             0.00      messag                                  
  127       2880  0.156250D-01    0.21  0.239999D-01                   0.11                dlwqta                                  
  128       2880  0.156250D-01    0.21  0.500011D-02                        0.02           dlwqt4                                  
  134          1  0.000000D+00    0.00  0.000000D+00                             0.00      messag                                  
  129       2880  0.000000D+00    0.00  0.300002D-02                        0.01           dlwqdataevaluate                        
  130       2880  0.000000D+00    0.00  0.100017D-02                   0.00                dlwqtk                                  
  132          1  0.000000D+00    0.00  0.000000D+00              0.00                     dlwqce                                  
  138          1  0.000000D+00    0.00  0.399995D-02              0.02                     dlwq13                                  
