 Deltares, DELWAQ Version 5.08.00.62905M, Jan 02 2019, 14:52:21
 Execution start: 2019/01/02 17:51:37 
       ----------> Version number of the input file is:  4.910
       ----------> Output level of the listfile is: 4


 Model :                                                    
                                                            


 Run   :                                                    
                    T0: 2019.01.02 00:00:00  (scu=       1s)

 Intermediate version absolute timer detected !
 System clock is     1 seconds !

 Number of active constituents   : 13
 Number of inactive constituents :  2
 Total number of constituents    : 15
 Number   name
    1     Continuity          
    2     cTR1                
    3     OXY                 
    4     Salinity            
    5     NH4                 
    6     NO3                 
    7     PO4                 
    8     TIC                 
    9     Alka                
   10     POC1                
   11     POC2                
   12     PON1                
   13     PON2                
   14     SM01                
   15     RH01                

 ************************************************************************************************************* B L O C K - 1 *****



 Factor between two clocks :       86400
 System clock in date-format  DDHHMMSS 
 Auxiliary timer in date-format DDHHMMSS 

 The auxiliary timer is not equal to the system timer.
 All the process fluxes will be scaled from the auxiliary timer to the system timer.

 Integration option :               15.73
 Keyword ( 9) detected: BAL_NOLUMPPROCESSES                     
 Keyword (10) detected: BAL_NOLUMPLOADS                         
 Keyword (11) detected: BAL_NOLUMPTRANSPORT                     
 Keyword (14) detected: BAL_NOSUPPRESSSPACE                     
 Keyword (15) detected: BAL_NOSUPPRESSTIME                      
 Keyword ( 1) detected: DISP-AT-NOFLOW                          
 Keyword ( 2) detected: NODISP-AT-BOUND                         
 Start of simulation : 0Y-  0D- 0H- 0M- 0S.
 End of simulation   : 0Y-  2D- 0H- 0M- 0S.
 Selected option for time step size :  0
 Integration time stepsize is : 0Y-  0D- 0H- 1M- 0S.

 Dump areas:
 option selected for input :    1

 Number of dump areas :   10

 Dump area :    1 : Seg1                
 Number of segments in area :              1
          number   segment
              1              1

 Dump area :    2 : Seg2                
 Number of segments in area :              1
          number   segment
              1              2

 Dump area :    3 : Seg3                
 Number of segments in area :              1
          number   segment
              1              3

 Dump area :    4 : Seg4                
 Number of segments in area :              1
          number   segment
              1              4

 Dump area :    5 : Seg5                
 Number of segments in area :              1
          number   segment
              1              5

 Dump area :    6 : Seg6                
 Number of segments in area :              1
          number   segment
              1              6

 Dump area :    7 : Seg7                
 Number of segments in area :              1
          number   segment
              1              7

 Dump area :    8 : Seg8                
 Number of segments in area :              1
          number   segment
              1              8

 Dump area :    9 : Seg9                
 Number of segments in area :              1
          number   segment
              1              9

 Dump area :   10 : Seg10               
 Number of segments in area :              1
          number   segment
              1             10

 Transects:
 option selected for input : 2
 No transects used.


 Monitoring  timings :
 Start time : 0Y-  0D- 0H- 0M- 0S 
 Stop time  : 0Y-  2D- 0H- 0M- 0S 
 Time step  : 0Y-  0D- 1H- 0M- 0S 


 Output      timings :
 Start time : 0Y-  0D- 0H- 0M- 0S 
 Stop time  : 0Y-  2D- 0H- 0M- 0S 
 Time step  : 0Y-  0D- 1H- 0M- 0S 


 History     timings :
 Start time : 0Y-  0D- 0H- 0M- 0S 
 Stop time  : 0Y-  2D- 0H- 0M- 0S 
 Time step  : 0Y-  0D- 1H- 0M- 0S 

 ************************************************************************************************************* B L O C K - 2 *****



 Number of segments :             10

 NO process decomposition selected

 option selected for grid layout : 2
 Grid layout not used.

 Including file: ../col-hyd/com-col-hyd.atr                                                                                                                                                                                                                                                                                                                                                                                                                                                                                                                                                                                                                                                                                                                                                                                                                                                                                                                                                                                                              

  2 blocks of time independent attribute contribution

  1 attributes in this block

 Selected file option is   1
 Information from the standard input file.

 second selected option  1

 constant values without defaults
 Information will be printed for output option is 5 or higher !

 Pointer of contribution      1 mapped to attribute     1

  1 attributes in this block

 Selected file option is   1
 Information from the standard input file.

 second selected option  1

 constant values without defaults
 Information will be printed for output option is 5 or higher !

 Pointer of contribution      1 mapped to attribute     2

 option for time dependent attributes   0
 NO time dependent attributes

 Volumes:

 Closing file: ../col-hyd/com-col-hyd.atr                                                    

 Continuing on file: SACC_COL_gui.inp                                                              

 First  selected option   :      -2

 Information from unformatted intermediate file.
 Filename is: ../col-hyd/com-col-hyd.vol                                                                                                                                                                                                                                     

 ************************************************************************************************************* B L O C K - 3 *****



 Dimensions of the system :
 Number of exchanges 1st direction :       0
 Number of exchanges 2nd direction :       0
 Number of exchanges 3rd direction :       9
 Total number of exchanges         :       9

 Number of dispersion arrays       :       0

 Number of velocity arrays         :       0

 Input option                      :       1

 Option selected for pointers      :       0

 Information from unformatted intermediate file.
 Filename is: ../col-hyd/com-col-hyd.poi                                                                                                                                                                                                                                     

 Number of boundaries  :       0



 Size of the big matrix for fast solvers is:         20

 Dispersion:

 First  selected option   :       1
 Information from the standard input file.
 Constant values without defaults 

 Scale factors:
                 1           2           3
              1.0000E+00  1.0000E+00  1.0000E+00
 Unscaled values:
         1    1.0000E+00  1.0000E+00  1.0000E-07

 Area:

 First  selected option   :      -2

 Information from unformatted intermediate file.
 Filename is: ../col-hyd/com-col-hyd.are                                                                                                                                                                                                                                     

 Flows:

 First  selected option   :      -2

 Information from unformatted intermediate file.
 Filename is: ../col-hyd/com-col-hyd.flo                                                                                                                                                                                                                                     

 Lengths:
 Option for lengths          :      1
 Lengths variable over the area.

 First  selected option   :       0

 Information from unformatted intermediate file.
 Filename is: ../col-hyd/com-col-hyd.len                                                                                                                                                                                                                                     

 ************************************************************************************************************* B L O C K - 4 *****



 No boundary conditions

 ************************************************************************************************************* B L O C K - 5 *****


 No waste loads 

 ************************************************************************************************************* B L O C K - 6 *****

 Input constant   nr:    1 is constant   nr:    1 with ID  : Nothreads           
 constant values in this block.
 values         1
 constants    Nothreads   
         1    1.0000E+00

 ====> input item completed <==== 



 NOTHREADS Keyword found
 Number of threads for parallel processing set to :     1
 Input constant   nr:    1 is constant   nr:    2 with ID  : Temp                
 Input constant   nr:    2 is constant   nr:    3 with ID  : SWRear              
 Input constant   nr:    3 is constant   nr:    4 with ID  : KLRear              
 Input constant   nr:    4 is constant   nr:    5 with ID  : pH_min              
 Input constant   nr:    5 is constant   nr:    6 with ID  : pH_max              
 Input constant   nr:    6 is constant   nr:    7 with ID  : SWRearCO2           
 Input constant   nr:    7 is constant   nr:    8 with ID  : KLRearCO2           
 Input constant   nr:    8 is constant   nr:    9 with ID  : SWSatCO2            
 Input constant   nr:    9 is constant   nr:   10 with ID  : PCO2                
 Input constant   nr:   10 is constant   nr:   11 with ID  : CLOSE_ERR           
 Input constant   nr:   11 is constant   nr:   12 with ID  : ScaleVDisp          
 Input constant   nr:   12 is constant   nr:   13 with ID  : MaxIter             
 Input constant   nr:   13 is constant   nr:   14 with ID  : Tolerance           
 Input constant   nr:   14 is constant   nr:   15 with ID  : Iteration Report    
 Input constant   nr:   15 is constant   nr:   16 with ID  : ONLY_ACTIVE         
 Input constant   nr:   16 is constant   nr:   17 with ID  : ACTIVE_ResTim       
 Input constant   nr:   17 is constant   nr:   18 with ID  : ACTIVE_VertDisp     
 Input constant   nr:   18 is constant   nr:   19 with ID  : ACTIVE_DenWat_NO3   
 Input constant   nr:   19 is constant   nr:   20 with ID  : ACTIVE_Nitrif_NH4   
 Input constant   nr:   20 is constant   nr:   21 with ID  : ACTIVE_RearOXY      
 Input constant   nr:   21 is constant   nr:   22 with ID  : ACTIVE_CONSELAC     
 Input constant   nr:   22 is constant   nr:   23 with ID  : ACTIVE_DecFast      
 Input constant   nr:   23 is constant   nr:   24 with ID  : ACTIVE_DecMedium    
 Input constant   nr:   24 is constant   nr:   25 with ID  : ACTIVE_NH3free      
 Input constant   nr:   25 is constant   nr:   26 with ID  : ACTIVE_pH_carb      
 Input constant   nr:   26 is constant   nr:   27 with ID  : ACTIVE_pH_simp      
 Input constant   nr:   27 is constant   nr:   28 with ID  : ACTIVE_SpecCarb     
 Input constant   nr:   28 is constant   nr:   29 with ID  : ACTIVE_RearCO2      
 Input constant   nr:   29 is constant   nr:   30 with ID  : ACTIVE_SaturOXY     
 Input constant   nr:   30 is constant   nr:   31 with ID  : ACTIVE_SaturCO2     
 Input constant   nr:   31 is constant   nr:   32 with ID  : ACTIVE_Salinchlor   
 Input constant   nr:   32 is constant   nr:   33 with ID  : ACTIVE_CalcRad      
 Input constant   nr:   33 is constant   nr:   34 with ID  : ACTIVE_Extinc_VLG   
 Input constant   nr:   34 is constant   nr:   35 with ID  : ACTIVE_TotDepth     
 Input constant   nr:   35 is constant   nr:   36 with ID  : ACTIVE_DynDepth     
 constant values in this block.
 values         2           3           4           5           6           7           8           9          10          11
 constants    Temp        SWRear      KLRear      pH_min      pH_max      SWRearCO2   KLRearCO2   SWSatCO2    PCO2        CLOSE_ERR 
         1    2.0000E+01  1.0000E+00  1.0000E+00  1.0000E+00  1.4000E+01  0.0000E+00  2.0000E-01  2.0000E+00  3.8500E-04  1.0000E+00
 values        12          13          14          15          16          17          18          19          20          21
 constants    ScaleVDisp  MaxIter     Tolerance   Iteration   ONLY_ACTIV  ACTIVE_Res  ACTIVE_Ver  ACTIVE_Den  ACTIVE_Nit  ACTIVE_Rea
         1    1.0000E+00  1.0000E+02  1.0000E-09  0.0000E+00  1.0000E+00  1.0000E+00  1.0000E+00  1.0000E+00  1.0000E+00  1.0000E+00
 values        22          23          24          25          26          27          28          29          30          31
 constants    ACTIVE_CON  ACTIVE_Dec  ACTIVE_Dec  ACTIVE_NH3  ACTIVE_pH_  ACTIVE_pH_  ACTIVE_Spe  ACTIVE_Rea  ACTIVE_Sat  ACTIVE_Sat
         1    1.0000E+00  1.0000E+00  1.0000E+00  1.0000E+00  1.0000E+00  1.0000E+00  1.0000E+00  1.0000E+00  1.0000E+00  1.0000E+00
 values        32          33          34          35          36
 constants    ACTIVE_Sal  ACTIVE_Cal  ACTIVE_Ext  ACTIVE_Tot  ACTIVE_Dyn  
         1    1.0000E+00  1.0000E+00  1.0000E+00  1.0000E+00  1.0000E+00

 ====> input item completed <==== 



 Including file: SAV_constants_original.dat                                                                                                                                                                                                                                                                                                                                                                                                                                                                                                                                                                                                                                                                                                                                                                                                                                                                                                                                                                                                              
 Input constant   nr:    1 is constant   nr:   37 with ID  : HSISM01             
 constant values in this block.
 values        37
 constants    HSISM01     
         1    1.0000E+00

 ====> input item completed <==== 


 Input constant   nr:    1 is constant   nr:   38 with ID  : PotSM01             
 constant values in this block.
 values        38
 constants    PotSM01     
         1    4.0000E+02

 ====> input item completed <==== 


 Input constant   nr:    1 is constant   nr:   39 with ID  : SwDisSM01           
 constant values in this block.
 values        39
 constants    SwDisSM01   
         1    1.0000E+00

 ====> input item completed <==== 


 Input constant   nr:    1 is constant   nr:   40 with ID  : FfacSM01            
 constant values in this block.
 values        40
 constants    FfacSM01    
         1    1.0000E+00

 ====> input item completed <==== 


 Input constant   nr:    1 is constant   nr:   41 with ID  : HmaxSM01            
 constant values in this block.
 values        41
 constants    HmaxSM01    
         1    1.0000E+01

 ====> input item completed <==== 


 Input constant   nr:    1 is constant   nr:   42 with ID  : ExtVlSM01           
 constant values in this block.
 values        42
 constants    ExtVlSM01   
         1    6.0000E-03

 ====> input item completed <==== 


 Input constant   nr:    1 is constant   nr:   43 with ID  : RadSatSM01          
 constant values in this block.
 values        43
 constants    RadSatSM01  
         1    1.0000E+00

 ====> input item completed <==== 


 Input constant   nr:    1 is constant   nr:   44 with ID  : PPmaxSM01           
 constant values in this block.
 values        44
 constants    PPmaxSM01   
         1    1.2000E-01

 ====> input item completed <==== 


 Input constant   nr:    1 is constant   nr:   45 with ID  : SM01thresh          
 constant values in this block.
 values        45
 constants    SM01thresh  
         1    1.0000E+00

 ====> input item completed <==== 


 Input constant   nr:    1 is constant   nr:   46 with ID  : RH01min             
 constant values in this block.
 values        46
 constants    RH01min     
         1    1.0000E+00

 ====> input item completed <==== 


 Input constant   nr:    1 is constant   nr:   47 with ID  : NRH01min            
 constant values in this block.
 values        47
 constants    NRH01min    
         1    0.0000E+00

 ====> input item completed <==== 


 Input constant   nr:    1 is constant   nr:   48 with ID  : PRH01min            
 constant values in this block.
 values        48
 constants    PRH01min    
         1    0.0000E+00

 ====> input item completed <==== 


 Input constant   nr:    1 is constant   nr:   49 with ID  : CO2crSM01           
 constant values in this block.
 values        49
 constants    CO2crSM01   
         1    1.0000E-02

 ====> input item completed <==== 


 Input constant   nr:    1 is constant   nr:   50 with ID  : MinDLSM01           
 constant values in this block.
 values        50
 constants    MinDLSM01   
         1    0.0000E+00

 ====> input item completed <==== 


 Input constant   nr:    1 is constant   nr:   51 with ID  : OptDLSM01           
 constant values in this block.
 values        51
 constants    OptDLSM01   
         1    0.0000E+00

 ====> input item completed <==== 


 Input constant   nr:    1 is constant   nr:   52 with ID  : TcritSM01           
 constant values in this block.
 values        52
 constants    TcritSM01   
         1    1.1000E+01

 ====> input item completed <==== 


 Input constant   nr:    1 is constant   nr:   53 with ID  : TcPMxSM01           
 constant values in this block.
 values        53
 constants    TcPMxSM01   
         1    1.0900E+00

 ====> input item completed <==== 


 Input constant   nr:    1 is constant   nr:   54 with ID  : K1DecaSM01          
 constant values in this block.
 values        54
 constants    K1DecaSM01  
         1    7.7000E-02

 ====> input item completed <==== 


 Input constant   nr:    1 is constant   nr:   55 with ID  : TcDecaSM01          
 constant values in this block.
 values        55
 constants    TcDecaSM01  
         1    1.0700E+00

 ====> input item completed <==== 


 Input constant   nr:    1 is constant   nr:   56 with ID  : FrSMtoRH01          
 constant values in this block.
 values        56
 constants    FrSMtoRH01  
         1    0.0000E+00

 ====> input item completed <==== 


 Input constant   nr:    1 is constant   nr:   57 with ID  : NCRatSM01           
 constant values in this block.
 values        57
 constants    NCRatSM01   
         1    2.0560E-01

 ====> input item completed <==== 


 Input constant   nr:    1 is constant   nr:   58 with ID  : PCRatSM01           
 constant values in this block.
 values        58
 constants    PCRatSM01   
         1    2.0000E-02

 ====> input item completed <==== 


 Input constant   nr:    1 is constant   nr:   59 with ID  : NCRatRH01           
 constant values in this block.
 values        59
 constants    NCRatRH01   
         1    2.0560E-01

 ====> input item completed <==== 


 Input constant   nr:    1 is constant   nr:   60 with ID  : PCRatRH01           
 constant values in this block.
 values        60
 constants    PCRatRH01   
         1    2.0000E-02

 ====> input item completed <==== 


 Input constant   nr:    1 is constant   nr:   61 with ID  : FrPOC1SM01          
 constant values in this block.
 values        61
 constants    FrPOC1SM01  
         1    2.0000E-01

 ====> input item completed <==== 


 Input constant   nr:    1 is constant   nr:   62 with ID  : FrPOC2SM01          
 constant values in this block.
 values        62
 constants    FrPOC2SM01  
         1    3.0000E-01

 ====> input item completed <==== 


 Input constant   nr:    1 is constant   nr:   63 with ID  : FrPOC3SM01          
 constant values in this block.
 values        63
 constants    FrPOC3SM01  
         1    5.0000E-01

 ====> input item completed <==== 


 Input constant   nr:    1 is constant   nr:   64 with ID  : ACTIVE_Coverage     
 constant values in this block.
 values        64
 constants    ACTIVE_Cov  
         1    0.0000E+00

 ====> input item completed <==== 


 Input constant   nr:    1 is constant   nr:   65 with ID  : ACTIVE_ExtMacroVl   
 constant values in this block.
 values        65
 constants    ACTIVE_Ext  
         1    0.0000E+00

 ====> input item completed <==== 


 Input constant   nr:    1 is constant   nr:   66 with ID  : ACTIVE_MACDIS01     
 constant values in this block.
 values        66
 constants    ACTIVE_MAC  
         1    0.0000E+00

 ====> input item completed <==== 


 Input constant   nr:    1 is constant   nr:   67 with ID  : ACTIVE_MacroPhyt1   
 constant values in this block.
 values        67
 constants    ACTIVE_Mac  
         1    0.0000E+00

 ====> input item completed <==== 


 Input constant   nr:    1 is constant   nr:   68 with ID  : ACTIVE_MaxMacro     
 constant values in this block.
 values        68
 constants    ACTIVE_Max  
         1    0.0000E+00

 ====> input item completed <==== 


 Input constant   nr:    1 is constant   nr:   69 with ID  : ACTIVE_Rad_SM01     
 constant values in this block.
 values        69
 constants    ACTIVE_Rad  
         1    0.0000E+00

 ====> input item completed <==== 


 Input constant   nr:    1 is constant   nr:   70 with ID  : ACTIVE_MACNUTSM01   
 constant values in this block.
 values        70
 constants    ACTIVE_MAC  
         1    0.0000E+00

 ====> input item completed <==== 


 Input constant   nr:    1 is constant   nr:   71 with ID  : ACTIVE_SM01_Upt3D   
 constant values in this block.
 values        71
 constants    ACTIVE_SM0  
         1    0.0000E+00

 ====> input item completed <==== 



 Closing file: SAV_constants_original.dat                                                    

 Continuing on file: SACC_COL_gui.inp                                                              
 Input constant   nr:    1 is constant   nr:   72 with ID  : Rad                 
 constant values in this block.
 values        72
 constants    Rad         
         1    5.0000E+01

 ====> input item completed <==== 


 Input constant   nr:    1 is constant   nr:   73 with ID  : RadSurf             
 constant values in this block.
 values        73
 constants    RadSurf     
         1    5.0000E+01

 ====> input item completed <==== 


 Input constant   nr:    1 is constant   nr:   74 with ID  : RadMacroP           
 constant values in this block.
 values        74
 constants    RadMacroP   
         1    5.0000E+01

 ====> input item completed <==== 


 Input constant   nr:    1 is constant   nr:    2 with ID  : Temp                
 constant values in this block.
 values         2
 constants    Temp        
         1    2.0000E+01

 ====> input item completed <==== 


 Input constant   nr:    1 is constant   nr:   75 with ID  : MnTempSM01          
 constant values in this block.
 values        75
 constants    MnTempSM01  
         1    2.0000E+01

 ====> input item completed <==== 


  
 Input parameter  nr:    1 is parameter  nr:    1 with ID  : SURF                
 Input parameter  nr:    2 is parameter  nr:    2 with ID  : bottomdept          

 Input will be given for all         10 segments.

 parameter s ordered in groups of segments per parameter .
 Input comes from binary file: SACC_col_gui.par                                                                                                                                                                                                                                                
 info comes at runtime from binary file: SACC_col_gui.par

 ====> input item completed <==== 


  
 Input seg-funct. nr:    1 is seg-funct. nr:    1 with ID  : VertDisper          

 Input will be given for all         10 segments.

 seg-funct.s ordered in groups of segments per seg-funct..
 Input comes from binary file: ../col-hyd/com-col-hyd.vdf                                                                                                                                                                                                                                      
 info comes at runtime from binary file: ../col-hyd/com-col-hyd.vdf

 ====> input item completed <==== 



 Total number of constants        :   75

 Total number of parameters       :    2

 Total number of functions        :    0

 Total number of segment functions:    1

 ************************************************************************************************************* B L O C K - 7 *****


 Initials for passive substances are in mass/m2

 Option selected for initials    :   1
 Information from the standard input file.
 Second option for initials      :   2
 Constant values with defaults 

 Scale factors:
                 1           2           3           4           5           6           7           8           9          10
              1.0000E+00  1.0000E+00  1.0000E+00  1.0000E+00  1.0000E+00  1.0000E+00  1.0000E+00  1.0000E+00  1.0000E+00  1.0000E+00
 Unscaled default values:
              1.0000E+00  1.0000E+00  9.6000E+00  3.0700E+01  2.6000E-02  4.9000E-01  1.0000E-01  2.6900E+01  1.4600E+02  0.0000E+00
 Scale factors:
                11          12          13          14          15
              1.0000E+00  1.0000E+00  1.0000E+00  1.0000E+00  1.0000E+00
 Unscaled default values:
              1.0000E-01  0.0000E+00  1.5000E-02  0.0000E+00  0.0000E+00
 Number of overridings :    1
 Number         values
        10    1.0000E+00  1.0000E+00  9.6000E+00  3.0700E+01  2.6000E-02  4.9000E-01  1.0000E-01  2.6900E+01  1.4600E+02  0.0000E+00
              1.0000E-01  0.0000E+00  1.5000E-02  2.0000E+00  2.0000E+00

 ************************************************************************************************************* B L O C K - 8 *****



 Option selected for output specification :   1
 Information from the standard input file.

 Specification of monitor output

 All substances plus extra output variables

 (     41) number of output variables specified

 Number           Identification        Weight variable
       1           HactSM01                                  
       2           ExtVLMacro                                
       3           LCO2SM01                                  
       4           LimNSM01W                                 
       5           LimPSM01W                                 
       6           SM01M2                                    
       7           LimCO2SM01                                
       8           LimDLSM01                                 
       9           LimTSM01                                  
      10           Temp                                      
      11           RCREAR                                    
      12           SatPercOXY                                
      13           pH                                        
      14           DayL                                      
      15           OXYMIN                                    
      16           f_minPOC1                                 
      17           f_minPOC2                                 
      18           f_minPOC3                                 
      19           f_minDOC                                  
      20           SS                                        
      21           DisCO2                                    
      22           pCO2water                                 
      23           DisHCO3                                   
      24           CO2                                       
      25           RCREARCO2                                 
      26           SatPercCO2                                
      27           VSedPOC1                                  
      28           fSedPOC1                                  
      29           ExtVl                                     
      30           SecchiDept                                
      31           Rad                                       
      32           RadBot                                    
      33           RadSurf                                   
      34           SURF                                      
      35           LocalDepth                                
      36           TotalDepth                                
      37           Depth                                     
      38           MnTempSM01                                
      39           FrBmSM01                                  
      40           SURF                                      
      41           Volume                                    

 Specification of grid dump output

 All substances plus extra output variables

 (     41) number of output variables specified

 Number           Identification 
       1           HactSM01            
       2           ExtVLMacro          
       3           LCO2SM01            
       4           LimNSM01W           
       5           LimPSM01W           
       6           SM01M2              
       7           LimCO2SM01          
       8           LimDLSM01           
       9           LimTSM01            
      10           Temp                
      11           RCREAR              
      12           SatPercOXY          
      13           pH                  
      14           DayL                
      15           OXYMIN              
      16           f_minPOC1           
      17           f_minPOC2           
      18           f_minPOC3           
      19           f_minDOC            
      20           SS                  
      21           DisCO2              
      22           pCO2water           
      23           DisHCO3             
      24           CO2                 
      25           RCREARCO2           
      26           SatPercCO2          
      27           VSedPOC1            
      28           fSedPOC1            
      29           ExtVl               
      30           SecchiDept          
      31           Rad                 
      32           RadBot              
      33           RadSurf             
      34           SURF                
      35           LocalDepth          
      36           TotalDepth          
      37           Depth               
      38           MnTempSM01          
      39           FrBmSM01            
      40           SURF                
      41           Volume              

 Specification of history output

 All substances plus extra output variables

 (     41) number of output variables specified

 Number           Identification        Weight variable
       1           HactSM01                                  
       2           ExtVLMacro                                
       3           LCO2SM01                                  
       4           LimNSM01W                                 
       5           LimPSM01W                                 
       6           SM01M2                                    
       7           LimCO2SM01                                
       8           LimDLSM01                                 
       9           LimTSM01                                  
      10           Temp                                      
      11           RCREAR                                    
      12           SatPercOXY                                
      13           pH                                        
      14           DayL                                      
      15           OXYMIN                                    
      16           f_minPOC1                                 
      17           f_minPOC2                                 
      18           f_minPOC3                                 
      19           f_minDOC                                  
      20           SS                                        
      21           DisCO2                                    
      22           pCO2water                                 
      23           DisHCO3                                   
      24           CO2                                       
      25           RCREARCO2                                 
      26           SatPercCO2                                
      27           VSedPOC1                                  
      28           fSedPOC1                                  
      29           ExtVl                                     
      30           SecchiDept                                
      31           Rad                                       
      32           RadBot                                    
      33           RadSurf                                   
      34           SURF                                      
      35           LocalDepth                                
      36           TotalDepth                                
      37           Depth                                     
      38           MnTempSM01                                
      39           FrBmSM01                                  
      40           SURF                                      
      41           Volume                                    

 Specification of map output

 All substances plus extra output variables

 (     41) number of output variables specified

 Number           Identification 
       1           HactSM01            
       2           ExtVLMacro          
       3           LCO2SM01            
       4           LimNSM01W           
       5           LimPSM01W           
       6           SM01M2              
       7           LimCO2SM01          
       8           LimDLSM01           
       9           LimTSM01            
      10           Temp                
      11           RCREAR              
      12           SatPercOXY          
      13           pH                  
      14           DayL                
      15           OXYMIN              
      16           f_minPOC1           
      17           f_minPOC2           
      18           f_minPOC3           
      19           f_minDOC            
      20           SS                  
      21           DisCO2              
      22           pCO2water           
      23           DisHCO3             
      24           CO2                 
      25           RCREARCO2           
      26           SatPercCO2          
      27           VSedPOC1            
      28           fSedPOC1            
      29           ExtVl               
      30           SecchiDept          
      31           Rad                 
      32           RadBot              
      33           RadSurf             
      34           SURF                
      35           LocalDepth          
      36           TotalDepth          
      37           Depth               
      38           MnTempSM01          
      39           FrBmSM01            
      40           SURF                
      41           Volume              

 Binary history file switched on

 Binary map file switched on

 NEFIS history file switched off

 NEFIS map file switched off

 NO GRID output : output grid not defined !
 
  Determining the place of the output variables
 
   INFO:HactSM01            ; NOT FOUND, delwaq will detect variables from process library
   INFO:ExtVLMacro          ; NOT FOUND, delwaq will detect variables from process library
   INFO:LCO2SM01            ; NOT FOUND, delwaq will detect variables from process library
   INFO:LimNSM01W           ; NOT FOUND, delwaq will detect variables from process library
   INFO:LimPSM01W           ; NOT FOUND, delwaq will detect variables from process library
   INFO:SM01M2              ; NOT FOUND, delwaq will detect variables from process library
   INFO:LimCO2SM01          ; NOT FOUND, delwaq will detect variables from process library
   INFO:LimDLSM01           ; NOT FOUND, delwaq will detect variables from process library
   INFO:LimTSM01            ; NOT FOUND, delwaq will detect variables from process library
        Temp                ; Using constant nr           2
   INFO:RCREAR              ; NOT FOUND, delwaq will detect variables from process library
   INFO:SatPercOXY          ; NOT FOUND, delwaq will detect variables from process library
   INFO:pH                  ; NOT FOUND, delwaq will detect variables from process library
   INFO:DayL                ; NOT FOUND, delwaq will detect variables from process library
   INFO:OXYMIN              ; NOT FOUND, delwaq will detect variables from process library
   INFO:f_minPOC1           ; NOT FOUND, delwaq will detect variables from process library
   INFO:f_minPOC2           ; NOT FOUND, delwaq will detect variables from process library
   INFO:f_minPOC3           ; NOT FOUND, delwaq will detect variables from process library
   INFO:f_minDOC            ; NOT FOUND, delwaq will detect variables from process library
   INFO:SS                  ; NOT FOUND, delwaq will detect variables from process library
   INFO:DisCO2              ; NOT FOUND, delwaq will detect variables from process library
   INFO:pCO2water           ; NOT FOUND, delwaq will detect variables from process library
   INFO:DisHCO3             ; NOT FOUND, delwaq will detect variables from process library
   INFO:CO2                 ; NOT FOUND, delwaq will detect variables from process library
   INFO:RCREARCO2           ; NOT FOUND, delwaq will detect variables from process library
   INFO:SatPercCO2          ; NOT FOUND, delwaq will detect variables from process library
   INFO:VSedPOC1            ; NOT FOUND, delwaq will detect variables from process library
   INFO:fSedPOC1            ; NOT FOUND, delwaq will detect variables from process library
   INFO:ExtVl               ; NOT FOUND, delwaq will detect variables from process library
   INFO:SecchiDept          ; NOT FOUND, delwaq will detect variables from process library
        Rad                 ; Using constant nr          72
   INFO:RadBot              ; NOT FOUND, delwaq will detect variables from process library
        RadSurf             ; Using constant nr          73
        SURF                ; Using parameter nr           1
   INFO:LocalDepth          ; NOT FOUND, delwaq will detect variables from process library
   INFO:TotalDepth          ; NOT FOUND, delwaq will detect variables from process library
   INFO:Depth               ; NOT FOUND, delwaq will detect variables from process library
        MnTempSM01          ; Using constant nr          75
   INFO:FrBmSM01            ; NOT FOUND, delwaq will detect variables from process library
        SURF                ; Using parameter nr           1
        Volume              ; Using DELWAQ VOLUME
   INFO:HactSM01            ; NOT FOUND, delwaq will detect variables from process library
   INFO:ExtVLMacro          ; NOT FOUND, delwaq will detect variables from process library
   INFO:LCO2SM01            ; NOT FOUND, delwaq will detect variables from process library
   INFO:LimNSM01W           ; NOT FOUND, delwaq will detect variables from process library
   INFO:LimPSM01W           ; NOT FOUND, delwaq will detect variables from process library
   INFO:SM01M2              ; NOT FOUND, delwaq will detect variables from process library
   INFO:LimCO2SM01          ; NOT FOUND, delwaq will detect variables from process library
   INFO:LimDLSM01           ; NOT FOUND, delwaq will detect variables from process library
   INFO:LimTSM01            ; NOT FOUND, delwaq will detect variables from process library
        Temp                ; Using constant nr           2
   INFO:RCREAR              ; NOT FOUND, delwaq will detect variables from process library
   INFO:SatPercOXY          ; NOT FOUND, delwaq will detect variables from process library
   INFO:pH                  ; NOT FOUND, delwaq will detect variables from process library
   INFO:DayL                ; NOT FOUND, delwaq will detect variables from process library
   INFO:OXYMIN              ; NOT FOUND, delwaq will detect variables from process library
   INFO:f_minPOC1           ; NOT FOUND, delwaq will detect variables from process library
   INFO:f_minPOC2           ; NOT FOUND, delwaq will detect variables from process library
   INFO:f_minPOC3           ; NOT FOUND, delwaq will detect variables from process library
   INFO:f_minDOC            ; NOT FOUND, delwaq will detect variables from process library
   INFO:SS                  ; NOT FOUND, delwaq will detect variables from process library
   INFO:DisCO2              ; NOT FOUND, delwaq will detect variables from process library
   INFO:pCO2water           ; NOT FOUND, delwaq will detect variables from process library
   INFO:DisHCO3             ; NOT FOUND, delwaq will detect variables from process library
   INFO:CO2                 ; NOT FOUND, delwaq will detect variables from process library
   INFO:RCREARCO2           ; NOT FOUND, delwaq will detect variables from process library
   INFO:SatPercCO2          ; NOT FOUND, delwaq will detect variables from process library
   INFO:VSedPOC1            ; NOT FOUND, delwaq will detect variables from process library
   INFO:fSedPOC1            ; NOT FOUND, delwaq will detect variables from process library
   INFO:ExtVl               ; NOT FOUND, delwaq will detect variables from process library
   INFO:SecchiDept          ; NOT FOUND, delwaq will detect variables from process library
        Rad                 ; Using constant nr          72
   INFO:RadBot              ; NOT FOUND, delwaq will detect variables from process library
        RadSurf             ; Using constant nr          73
        SURF                ; Using parameter nr           1
   INFO:LocalDepth          ; NOT FOUND, delwaq will detect variables from process library
   INFO:TotalDepth          ; NOT FOUND, delwaq will detect variables from process library
   INFO:Depth               ; NOT FOUND, delwaq will detect variables from process library
        MnTempSM01          ; Using constant nr          75
   INFO:FrBmSM01            ; NOT FOUND, delwaq will detect variables from process library
        SURF                ; Using parameter nr           1
        Volume              ; Using DELWAQ VOLUME
   INFO:HactSM01            ; NOT FOUND, delwaq will detect variables from process library
   INFO:ExtVLMacro          ; NOT FOUND, delwaq will detect variables from process library
   INFO:LCO2SM01            ; NOT FOUND, delwaq will detect variables from process library
   INFO:LimNSM01W           ; NOT FOUND, delwaq will detect variables from process library
   INFO:LimPSM01W           ; NOT FOUND, delwaq will detect variables from process library
   INFO:SM01M2              ; NOT FOUND, delwaq will detect variables from process library
   INFO:LimCO2SM01          ; NOT FOUND, delwaq will detect variables from process library
   INFO:LimDLSM01           ; NOT FOUND, delwaq will detect variables from process library
   INFO:LimTSM01            ; NOT FOUND, delwaq will detect variables from process library
        Temp                ; Using constant nr           2
   INFO:RCREAR              ; NOT FOUND, delwaq will detect variables from process library
   INFO:SatPercOXY          ; NOT FOUND, delwaq will detect variables from process library
   INFO:pH                  ; NOT FOUND, delwaq will detect variables from process library
   INFO:DayL                ; NOT FOUND, delwaq will detect variables from process library
   INFO:OXYMIN              ; NOT FOUND, delwaq will detect variables from process library
   INFO:f_minPOC1           ; NOT FOUND, delwaq will detect variables from process library
   INFO:f_minPOC2           ; NOT FOUND, delwaq will detect variables from process library
   INFO:f_minPOC3           ; NOT FOUND, delwaq will detect variables from process library
   INFO:f_minDOC            ; NOT FOUND, delwaq will detect variables from process library
   INFO:SS                  ; NOT FOUND, delwaq will detect variables from process library
   INFO:DisCO2              ; NOT FOUND, delwaq will detect variables from process library
   INFO:pCO2water           ; NOT FOUND, delwaq will detect variables from process library
   INFO:DisHCO3             ; NOT FOUND, delwaq will detect variables from process library
   INFO:CO2                 ; NOT FOUND, delwaq will detect variables from process library
   INFO:RCREARCO2           ; NOT FOUND, delwaq will detect variables from process library
   INFO:SatPercCO2          ; NOT FOUND, delwaq will detect variables from process library
   INFO:VSedPOC1            ; NOT FOUND, delwaq will detect variables from process library
   INFO:fSedPOC1            ; NOT FOUND, delwaq will detect variables from process library
   INFO:ExtVl               ; NOT FOUND, delwaq will detect variables from process library
   INFO:SecchiDept          ; NOT FOUND, delwaq will detect variables from process library
        Rad                 ; Using constant nr          72
   INFO:RadBot              ; NOT FOUND, delwaq will detect variables from process library
        RadSurf             ; Using constant nr          73
        SURF                ; Using parameter nr           1
   INFO:LocalDepth          ; NOT FOUND, delwaq will detect variables from process library
   INFO:TotalDepth          ; NOT FOUND, delwaq will detect variables from process library
   INFO:Depth               ; NOT FOUND, delwaq will detect variables from process library
        MnTempSM01          ; Using constant nr          75
   INFO:FrBmSM01            ; NOT FOUND, delwaq will detect variables from process library
        SURF                ; Using parameter nr           1
        Volume              ; Using DELWAQ VOLUME
  Not all variables available.
  Number off missing variables :         102

 ************************************************************************************************************* B L O C K - 9 *****


 Output operations
Number of periods defined:     0
 

 *********************************************************** B L O C K -10 *****



 Messages presented in this .lst file:

 Number of WARNINGS            :     0
 Number of ERRORS during input :     0
 


 Messages presented including .lsp file:
 Number of WARNINGS            :     5

 Number of ERRORS during input :     0

 Parallel processing with   1 processor(s)

 total real      array space:       8081
 total integer   array space:       9614
 total character array space:      17300
 grand total in 4-byte words:      34995 =   0-GB   0-MB 139-KB 980-Byte.
 Execution stop : 2019/01/02 17:51:38 
